IQ-TREE multicore version 2.2.2.3 COVID-edition for Linux 64-bit built Apr  7 2023
Developed by Bui Quang Minh, James Barbetti, Nguyen Lam Tung,
Olga Chernomor, Heiko Schmidt, Dominik Schrempf, Michael Woodhams, Ly Trong Nhan.

Host:    5d5e75570852 (AVX512, FMA3, 62 GB RAM)
Command: iqtree -T AUTO --threads-max 2 -s /app/outputs/analyses/543/20250109T202716/between_profile_distances/A/clade_A_seqs.aligned.fasta
Seed:    737087 (Using SPRNG - Scalable Parallel Random Number Generator)
Time:    Thu Jan  9 14:28:00 2025
Kernel:  AVX+FMA - auto-detect threads (36 CPU cores detected)

Reading alignment file /app/outputs/analyses/543/20250109T202716/between_profile_distances/A/clade_A_seqs.aligned.fasta ... Fasta format detected
Reading fasta file: done in 0.000338078 secs using 0.2958% CPU
Alignment most likely contains DNA/RNA sequences
Constructing alignment: done in 0.000436783 secs using 129.1% CPU
Alignment has 7 sequences with 237 columns, 10 distinct patterns
2 parsimony-informative, 2 singleton sites, 233 constant sites
         Gap/Ambiguity  Composition  p-value
Analyzing sequences: done in 0.00584388 secs using 1371% CPU
   1  1265442    0.00%    passed     99.78%
   2  40166      0.84%    passed     99.79%
   3  43731      1.27%    passed     99.74%
   4  38165      0.84%    passed     99.86%
   5  45238      0.84%    passed     99.56%
   6  29206      0.84%    passed     99.99%
   7  62749      0.00%    passed     99.54%
****  TOTAL      0.66%  0 sequences failed composition chi2 test (p-value<5%; df=3)
Checking for duplicate sequences: done in 0.00522494 secs using 1311% CPU


Create initial parsimony tree by phylogenetic likelihood library (PLL)... 0.004 seconds
Measuring multi-threading efficiency up to 2 CPU cores
Increase to 10 rounds for branch lengths
6449 trees examined
Threads: 1 / Time: 2.009 sec / Speedup: 1.000 / Efficiency: 100% / LogL: -364
WARNING: 2 threads for alignment length 10 will slow down analysis
Threads: 2 / Time: 1.146 sec / Speedup: 1.753 / Efficiency: 88% / LogL: -364
Determining AUTO threadcount: done in 3.15443 secs using 168.8% CPU
BEST NUMBER OF THREADS: 2

WARNING: 2 threads for alignment length 10 will slow down analysis
Perform fast likelihood tree search using GTR+I+G model...
Estimate model parameters (epsilon = 5.000)
Perform nearest neighbor interchange...
Optimizing NNI: done in 0.000391006 secs using 198.7% CPU
Estimate model parameters (epsilon = 1.000)
1. Initial log-likelihood: -352.171
Optimal log-likelihood: -352.115
Rate parameters:  A-C: 0.00010  A-G: 0.00010  A-T: 1.42625  C-G: 1.94674  C-T: 0.97339  G-T: 1.00000
Warning! Some parameters hit the boundaries
Base frequencies:  A: 0.206  C: 0.221  G: 0.229  T: 0.344
Proportion of invariable sites: 0.491
Gamma shape alpha: 998.448
Parameters optimization took 1 rounds (0.002 sec)
Time for fast ML tree search: 0.004 seconds

NOTE: ModelFinder requires 0 MB RAM!
ModelFinder will test up to 484 DNA models (sample size: 237) ...
 No. Model         -LnL         df  AIC          AICc         BIC
WARNING: 2 threads for alignment length 10 will slow down analysis
  1  GTR+F         352.060      19  742.120      745.622      808.013
WARNING: 2 threads for alignment length 10 will slow down analysis
  2  GTR+F+I       352.055      20  744.109      747.998      813.470
WARNING: 2 threads for alignment length 10 will slow down analysis
  3  GTR+F+G4      352.055      20  744.109      747.998      813.471
WARNING: 2 threads for alignment length 10 will slow down analysis
  4  GTR+F+I+G4    352.080      21  746.159      750.457      818.988
WARNING: 2 threads for alignment length 10 will slow down analysis
  5  GTR+F+R2      352.067      21  746.133      750.431      818.962
WARNING: 2 threads for alignment length 10 will slow down analysis
  6  GTR+F+R3      352.070      23  750.140      755.324      829.906
WARNING: 2 threads for alignment length 10 will slow down analysis
 14  GTR+F+I+R2    352.102      22  748.205      752.934      824.502
WARNING: 2 threads for alignment length 10 will slow down analysis
 15  GTR+F+I+R3    352.108      24  752.217      757.877      835.450
WARNING: 2 threads for alignment length 10 will slow down analysis
 23  SYM           357.417      16  746.835      749.307      802.324
WARNING: 2 threads for alignment length 10 will slow down analysis
 24  SYM+I         357.414      17  748.828      751.623      807.785
WARNING: 2 threads for alignment length 10 will slow down analysis
 25  SYM+G4        357.414      17  748.828      751.623      807.785
WARNING: 2 threads for alignment length 10 will slow down analysis
 45  TVM+F         352.537      18  741.073      744.211      803.498
WARNING: 2 threads for alignment length 10 will slow down analysis
 46  TVM+F+I       352.537      19  743.073      746.576      808.967
WARNING: 2 threads for alignment length 10 will slow down analysis
 47  TVM+F+G4      352.537      19  743.073      746.576      808.967
WARNING: 2 threads for alignment length 10 will slow down analysis
 67  TVMe          357.986      15  745.971      748.143      797.992
WARNING: 2 threads for alignment length 10 will slow down analysis
 68  TVMe+I        357.983      16  747.967      750.439      803.456
WARNING: 2 threads for alignment length 10 will slow down analysis
 69  TVMe+G4       357.983      16  747.967      750.439      803.456
WARNING: 2 threads for alignment length 10 will slow down analysis
 89  TIM3+F        352.702      17  739.403      742.198      798.360
WARNING: 2 threads for alignment length 10 will slow down analysis
 90  TIM3+F+I      352.701      18  741.402      744.539      803.827
WARNING: 2 threads for alignment length 10 will slow down analysis
 91  TIM3+F+G4     352.701      18  741.402      744.540      803.827
WARNING: 2 threads for alignment length 10 will slow down analysis
111  TIM3e         358.077      14  744.154      746.046      792.707
WARNING: 2 threads for alignment length 10 will slow down analysis
112  TIM3e+I       358.077      15  746.154      748.326      798.175
WARNING: 2 threads for alignment length 10 will slow down analysis
113  TIM3e+G4      358.077      15  746.154      748.326      798.175
WARNING: 2 threads for alignment length 10 will slow down analysis
133  TIM2+F        352.600      17  739.200      741.994      798.157
WARNING: 2 threads for alignment length 10 will slow down analysis
134  TIM2+F+I      352.600      18  741.199      744.337      803.625
WARNING: 2 threads for alignment length 10 will slow down analysis
135  TIM2+F+G4     352.600      18  741.200      744.337      803.625
WARNING: 2 threads for alignment length 10 will slow down analysis
155  TIM2e         358.003      14  744.006      745.898      792.559
WARNING: 2 threads for alignment length 10 will slow down analysis
156  TIM2e+I       358.000      15  746.001      748.173      798.022
WARNING: 2 threads for alignment length 10 will slow down analysis
157  TIM2e+G4      358.000      15  746.000      748.172      798.021
WARNING: 2 threads for alignment length 10 will slow down analysis
177  TIM+F         352.545      17  739.089      741.884      798.046
WARNING: 2 threads for alignment length 10 will slow down analysis
178  TIM+F+I       352.544      18  741.089      744.226      803.514
WARNING: 2 threads for alignment length 10 will slow down analysis
179  TIM+F+G4      352.544      18  741.089      744.226      803.514
WARNING: 2 threads for alignment length 10 will slow down analysis
199  TIMe          357.988      14  743.976      745.868      792.529
WARNING: 2 threads for alignment length 10 will slow down analysis
200  TIMe+I        357.985      15  745.969      748.141      797.990
WARNING: 2 threads for alignment length 10 will slow down analysis
201  TIMe+G4       357.985      15  745.969      748.141      797.990
WARNING: 2 threads for alignment length 10 will slow down analysis
221  TPM3u+F       353.178      16  738.356      740.829      793.845
WARNING: 2 threads for alignment length 10 will slow down analysis
222  TPM3u+F+I     353.178      17  740.356      743.151      799.313
WARNING: 2 threads for alignment length 10 will slow down analysis
223  TPM3u+F+G4    353.178      17  740.356      743.151      799.313
WARNING: 2 threads for alignment length 10 will slow down analysis
243  TPM3          358.647      13  743.294      744.927      788.379
WARNING: 2 threads for alignment length 10 will slow down analysis
244  TPM3+I        358.647      14  745.295      747.186      793.847
WARNING: 2 threads for alignment length 10 will slow down analysis
245  TPM3+G4       358.647      14  745.295      747.186      793.847
WARNING: 2 threads for alignment length 10 will slow down analysis
265  TPM2u+F       353.079      16  738.158      740.631      793.647
WARNING: 2 threads for alignment length 10 will slow down analysis
266  TPM2u+F+I     353.079      17  740.158      742.952      799.115
WARNING: 2 threads for alignment length 10 will slow down analysis
267  TPM2u+F+G4    353.079      17  740.158      742.952      799.115
WARNING: 2 threads for alignment length 10 will slow down analysis
287  TPM2          358.569      13  743.138      744.770      788.223
WARNING: 2 threads for alignment length 10 will slow down analysis
288  TPM2+I        358.569      14  745.138      747.030      793.691
WARNING: 2 threads for alignment length 10 will slow down analysis
289  TPM2+G4       358.569      14  745.138      747.030      793.691
WARNING: 2 threads for alignment length 10 will slow down analysis
309  K3Pu+F        353.018      16  738.036      740.508      793.525
WARNING: 2 threads for alignment length 10 will slow down analysis
310  K3Pu+F+I      353.018      17  740.036      742.830      798.993
WARNING: 2 threads for alignment length 10 will slow down analysis
311  K3Pu+F+G4     353.018      17  740.036      742.830      798.993
WARNING: 2 threads for alignment length 10 will slow down analysis
331  K3P           358.546      13  743.093      744.725      788.178
WARNING: 2 threads for alignment length 10 will slow down analysis
332  K3P+I         358.546      14  745.093      746.985      793.646
WARNING: 2 threads for alignment length 10 will slow down analysis
333  K3P+G4        358.546      14  745.093      746.985      793.646
WARNING: 2 threads for alignment length 10 will slow down analysis
353  TN+F          352.719      16  737.437      739.910      792.926
WARNING: 2 threads for alignment length 10 will slow down analysis
354  TN+F+I        352.719      17  739.437      742.232      798.394
WARNING: 2 threads for alignment length 10 will slow down analysis
355  TN+F+G4       352.719      17  739.437      742.232      798.394
WARNING: 2 threads for alignment length 10 will slow down analysis
375  TNe           358.146      13  742.292      743.925      787.377
WARNING: 2 threads for alignment length 10 will slow down analysis
376  TNe+I         358.146      14  744.292      746.184      792.845
WARNING: 2 threads for alignment length 10 will slow down analysis
377  TNe+G4        358.146      14  744.292      746.184      792.845
WARNING: 2 threads for alignment length 10 will slow down analysis
397  HKY+F         353.200      15  736.399      738.571      788.420
WARNING: 2 threads for alignment length 10 will slow down analysis
398  HKY+F+I       353.200      16  738.399      740.872      793.888
WARNING: 2 threads for alignment length 10 will slow down analysis
399  HKY+F+G4      353.200      16  738.399      740.872      793.888
WARNING: 2 threads for alignment length 10 will slow down analysis
419  K2P           358.716      12  741.433      742.825      783.049
WARNING: 2 threads for alignment length 10 will slow down analysis
420  K2P+I         358.716      13  743.433      745.065      788.517
WARNING: 2 threads for alignment length 10 will slow down analysis
421  K2P+G4        358.716      13  743.433      745.065      788.517
WARNING: 2 threads for alignment length 10 will slow down analysis
441  F81+F         353.266      14  734.532      736.424      783.085
WARNING: 2 threads for alignment length 10 will slow down analysis
442  F81+F+I       353.266      15  736.532      738.704      788.553
WARNING: 2 threads for alignment length 10 will slow down analysis
443  F81+F+G4      353.266      15  736.532      738.704      788.553
WARNING: 2 threads for alignment length 10 will slow down analysis
463  JC            358.782      11  739.564      740.737      777.712
WARNING: 2 threads for alignment length 10 will slow down analysis
464  JC+I          358.782      12  741.564      742.957      783.181
WARNING: 2 threads for alignment length 10 will slow down analysis
465  JC+G4         358.782      12  741.564      742.957      783.181
Akaike Information Criterion:           F81+F
Corrected Akaike Information Criterion: F81+F
Bayesian Information Criterion:         JC
Best-fit model: JC chosen according to BIC

All model information printed to /app/outputs/analyses/543/20250109T202716/between_profile_distances/A/clade_A_seqs.aligned.fasta.model.gz
CPU time for ModelFinder: 6.203 seconds (0h:0m:6s)
Wall-clock time for ModelFinder: 3.339 seconds (0h:0m:3s)
WARNING: 2 threads for alignment length 10 will slow down analysis

NOTE: 0 MB RAM (0 GB) is required!
Estimate model parameters (epsilon = 0.100)
1. Initial log-likelihood: -358.782
Optimal log-likelihood: -358.782
Rate parameters:  A-C: 1.00000  A-G: 1.00000  A-T: 1.00000  C-G: 1.00000  C-T: 1.00000  G-T: 1.00000
Base frequencies:  A: 0.250  C: 0.250  G: 0.250  T: 0.250
Parameters optimization took 1 rounds (0.000 sec)
Wrote distance file to... 
Computing ML distances based on estimated model parameters...
Calculating distance matrix: done in 0.000146151 secs using 172.4% CPU
Computing ML distances took 0.000207 sec (of wall-clock time) 0.000372 sec (of CPU time)
Setting up auxiliary I and S matrices: done in 5.50747e-05 secs
Constructing RapidNJ tree: done in 7.79629e-05 secs
Computing RapidNJ tree took 0.000182 sec (of wall-clock time) 0.000000 sec (of CPU time)
Log-likelihood of RapidNJ tree: -358.784
--------------------------------------------------------------------
|             INITIALIZING CANDIDATE TREE SET                      |
--------------------------------------------------------------------
Generating 98 parsimony trees... 0.023 second
Computing log-likelihood of 57 initial trees ... 0.007 seconds
Current best score: -358.782

Do NNI search on 20 best initial trees
Optimizing NNI: done in 0.000262022 secs using 184.7% CPU
Estimate model parameters (epsilon = 0.100)
BETTER TREE FOUND at iteration 1: -358.782
Optimizing NNI: done in 0.000272036 secs using 200.3% CPU
UPDATE BEST LOG-LIKELIHOOD: -358.782
Optimizing NNI: done in 0.000276804 secs using 264.1% CPU
UPDATE BEST LOG-LIKELIHOOD: -358.782
Optimizing NNI: done in 0.000213146 secs using 271.2% CPU
Optimizing NNI: done in 0.00161695 secs using 220.8% CPU
Optimizing NNI: done in 0.00030303 secs using 304.6% CPU
Optimizing NNI: done in 0.000254869 secs using 296.6% CPU
Optimizing NNI: done in 0.000241995 secs using 299.6% CPU
Optimizing NNI: done in 0.000221014 secs using 301.3% CPU
Optimizing NNI: done in 0.000244141 secs using 236.7% CPU
Iteration 10 / LogL: -358.782 / Time: 0h:0m:0s
Optimizing NNI: done in 0.000231981 secs using 200% CPU
Optimizing NNI: done in 0.000261068 secs using 200.3% CPU
Optimizing NNI: done in 0.000252962 secs using 198.1% CPU
Optimizing NNI: done in 0.000259876 secs using 198.2% CPU
Optimizing NNI: done in 0.000452042 secs using 200.2% CPU
Optimizing NNI: done in 0.000547886 secs using 105.5% CPU
Optimizing NNI: done in 0.000551939 secs using 262.9% CPU
Optimizing NNI: done in 0.00058198 secs using 150.9% CPU
Optimizing NNI: done in 0.00268507 secs using 225.6% CPU
Optimizing NNI: done in 0.000488997 secs using 290.8% CPU
Iteration 20 / LogL: -358.782 / Time: 0h:0m:0s
Finish initializing candidate tree set (7)
Current best tree score: -358.782 / CPU time: 0.046
Number of iterations: 20
--------------------------------------------------------------------
|               OPTIMIZING CANDIDATE TREE SET                      |
--------------------------------------------------------------------
Optimizing NNI: done in 0.000273943 secs using 290.6% CPU
Optimizing NNI: done in 0.000205994 secs using 297.1% CPU
Optimizing NNI: done in 0.000528097 secs using 300.7% CPU
Optimizing NNI: done in 0.000543118 secs using 298.6% CPU
Optimizing NNI: done in 0.000546932 secs using 301.1% CPU
Optimizing NNI: done in 0.0006001 secs using 300.8% CPU
Optimizing NNI: done in 0.000669956 secs using 298.7% CPU
Optimizing NNI: done in 0.00057292 secs using 174.9% CPU
Optimizing NNI: done in 0.000797987 secs using 285.8% CPU
Optimizing NNI: done in 0.000565052 secs using 296.8% CPU
Iteration 30 / LogL: -358.782 / Time: 0h:0m:0s (0h:0m:0s left)
Optimizing NNI: done in 0.000255108 secs using 299.9% CPU
Optimizing NNI: done in 0.000592947 secs using 299.9% CPU
Optimizing NNI: done in 0.000211 secs using 295.7% CPU
Optimizing NNI: done in 0.000610113 secs using 299.6% CPU
Optimizing NNI: done in 0.000618935 secs using 258.3% CPU
Optimizing NNI: done in 0.000633001 secs using 259.6% CPU
Optimizing NNI: done in 0.000656843 secs using 276.8% CPU
Optimizing NNI: done in 0.000207901 secs using 297.7% CPU
Optimizing NNI: done in 0.000597954 secs using 296.2% CPU
Optimizing NNI: done in 0.000241041 secs using 298.3% CPU
Iteration 40 / LogL: -358.782 / Time: 0h:0m:0s (0h:0m:0s left)
Optimizing NNI: done in 0.000520945 secs using 298.5% CPU
Optimizing NNI: done in 0.00030303 secs using 303.6% CPU
Optimizing NNI: done in 0.000550985 secs using 286.9% CPU
Optimizing NNI: done in 0.000828981 secs using 301.1% CPU
Optimizing NNI: done in 0.000249863 secs using 300.6% CPU
Optimizing NNI: done in 0.000245094 secs using 298.3% CPU
Optimizing NNI: done in 0.000216007 secs using 299.5% CPU
Optimizing NNI: done in 0.000591993 secs using 225.3% CPU
Optimizing NNI: done in 0.00069499 secs using 199.7% CPU
Optimizing NNI: done in 0.000617027 secs using 262.4% CPU
Iteration 50 / LogL: -358.783 / Time: 0h:0m:0s (0h:0m:0s left)
Optimizing NNI: done in 0.000252008 secs using 296.4% CPU
Optimizing NNI: done in 0.000524998 secs using 298.1% CPU
Optimizing NNI: done in 0.000257969 secs using 298.9% CPU
Optimizing NNI: done in 0.00026989 secs using 302% CPU
Optimizing NNI: done in 0.00023818 secs using 303.1% CPU
Optimizing NNI: done in 0.000620842 secs using 302.2% CPU
Optimizing NNI: done in 0.000604153 secs using 298.8% CPU
Optimizing NNI: done in 0.000566006 secs using 299.8% CPU
Optimizing NNI: done in 0.000880957 secs using 300.6% CPU
Optimizing NNI: done in 0.000746012 secs using 298.8% CPU
Iteration 60 / LogL: -358.783 / Time: 0h:0m:0s (0h:0m:0s left)
Optimizing NNI: done in 0.000616074 secs using 299.3% CPU
Optimizing NNI: done in 0.000740051 secs using 301.1% CPU
Optimizing NNI: done in 0.000292063 secs using 299.9% CPU
Optimizing NNI: done in 0.00399017 secs using 151% CPU
Optimizing NNI: done in 0.000285864 secs using 301.2% CPU
Optimizing NNI: done in 0.000769138 secs using 299.9% CPU
Optimizing NNI: done in 0.000901937 secs using 290.4% CPU
Optimizing NNI: done in 0.000724077 secs using 253.3% CPU
Optimizing NNI: done in 0.000629902 secs using 199.6% CPU
Optimizing NNI: done in 0.000584126 secs using 287.6% CPU
Iteration 70 / LogL: -358.782 / Time: 0h:0m:0s (0h:0m:0s left)
Optimizing NNI: done in 0.00057888 secs using 300.8% CPU
Optimizing NNI: done in 0.00057292 secs using 288.3% CPU
Optimizing NNI: done in 0.000850916 secs using 299.9% CPU
Optimizing NNI: done in 0.000630856 secs using 299.9% CPU
Optimizing NNI: done in 0.000236034 secs using 300% CPU
Optimizing NNI: done in 0.000658989 secs using 298.3% CPU
Optimizing NNI: done in 0.000296831 secs using 298.1% CPU
Optimizing NNI: done in 0.000623941 secs using 300.2% CPU
Optimizing NNI: done in 0.000752926 secs using 216.6% CPU
Optimizing NNI: done in 0.000248909 secs using 176.4% CPU
Iteration 80 / LogL: -358.782 / Time: 0h:0m:0s (0h:0m:0s left)
Optimizing NNI: done in 0.000580788 secs using 256.4% CPU
Optimizing NNI: done in 0.000468969 secs using 278.7% CPU
Optimizing NNI: done in 0.000550032 secs using 298.7% CPU
Optimizing NNI: done in 0.000250101 secs using 253.5% CPU
Optimizing NNI: done in 0.000486135 secs using 275.2% CPU
Optimizing NNI: done in 0.000214815 secs using 299.8% CPU
Optimizing NNI: done in 0.000604868 secs using 297.9% CPU
Optimizing NNI: done in 0.000668049 secs using 279.9% CPU
Optimizing NNI: done in 0.000241995 secs using 200.4% CPU
Optimizing NNI: done in 0.00473404 secs using 117.4% CPU
Iteration 90 / LogL: -358.784 / Time: 0h:0m:0s (0h:0m:0s left)
Optimizing NNI: done in 0.000643969 secs using 299.2% CPU
Optimizing NNI: done in 0.000623941 secs using 221.7% CPU
Optimizing NNI: done in 0.000295877 secs using 300.1% CPU
Optimizing NNI: done in 0.000566006 secs using 299.1% CPU
Optimizing NNI: done in 0.00027895 secs using 299% CPU
Optimizing NNI: done in 0.000653028 secs using 299.2% CPU
Optimizing NNI: done in 0.00059104 secs using 300.7% CPU
Optimizing NNI: done in 0.000221014 secs using 301.3% CPU
Optimizing NNI: done in 0.000675917 secs using 245.9% CPU
Optimizing NNI: done in 0.000720024 secs using 300.7% CPU
Iteration 100 / LogL: -358.784 / Time: 0h:0m:0s (0h:0m:0s left)
Optimizing NNI: done in 0.000550032 secs using 300.2% CPU
Optimizing NNI: done in 0.000262976 secs using 301.2% CPU
TREE SEARCH COMPLETED AFTER 102 ITERATIONS / Time: 0h:0m:0s

--------------------------------------------------------------------
|                    FINALIZING TREE SEARCH                        |
--------------------------------------------------------------------
Performs final model parameters optimization
Estimate model parameters (epsilon = 0.010)
1. Initial log-likelihood: -358.782
Optimal log-likelihood: -358.782
Rate parameters:  A-C: 1.00000  A-G: 1.00000  A-T: 1.00000  C-G: 1.00000  C-T: 1.00000  G-T: 1.00000
Base frequencies:  A: 0.250  C: 0.250  G: 0.250  T: 0.250
Parameters optimization took 1 rounds (0.000 sec)
BEST SCORE FOUND : -358.782
Total tree length: 0.017

Total number of iterations: 102
CPU time used for tree search: 0.323 sec (0h:0m:0s)
Wall-clock time used for tree search: 0.129 sec (0h:0m:0s)
Total CPU time used: 0.347 sec (0h:0m:0s)
Total wall-clock time used: 0.142 sec (0h:0m:0s)

Analysis results written to: 
  IQ-TREE report:                /app/outputs/analyses/543/20250109T202716/between_profile_distances/A/clade_A_seqs.aligned.fasta.iqtree
  Maximum-likelihood tree:       /app/outputs/analyses/543/20250109T202716/between_profile_distances/A/clade_A_seqs.aligned.fasta.treefile
  Likelihood distances:          /app/outputs/analyses/543/20250109T202716/between_profile_distances/A/clade_A_seqs.aligned.fasta.mldist
  Screen log file:               /app/outputs/analyses/543/20250109T202716/between_profile_distances/A/clade_A_seqs.aligned.fasta.log

Date and Time: Thu Jan  9 14:28:04 2025
